f:\projects\c++\kursovaya_tyap\debug\vc142.pdb
f:\projects\c++\kursovaya_tyap\debug\.netframework,version=v4.6.1.assemblyattributes.obj
f:\projects\c++\kursovaya_tyap\debug\.netframework,version=v4.6.1.assemblyattributes.asm
f:\projects\c++\kursovaya_tyap\debug\myform.obj
f:\projects\c++\kursovaya_tyap\debug\kursovaya_tyap.myform.resources
f:\projects\c++\kursovaya_tyap\debug\kursovaya_tyap.exe
f:\projects\c++\kursovaya_tyap\debug\kursovaya_tyap.pdb
f:\projects\c++\kursovaya_tyap\debug\kursovaya_tyap.vcxproj.generateresource.cache
f:\projects\c++\kursovaya_tyap\debug\kursovaya_tyap.vcxprojassemblyreference.cache
f:\projects\c++\kursovaya_tyap\debug\kursovaya_tyap.exe.metagen
f:\projects\c++\kursovaya_tyap\debug\kursovaya_tyap.tlog\cl.command.1.tlog
f:\projects\c++\kursovaya_tyap\debug\kursovaya_tyap.tlog\cl.read.1.tlog
f:\projects\c++\kursovaya_tyap\debug\kursovaya_tyap.tlog\cl.write.1.tlog
f:\projects\c++\kursovaya_tyap\debug\kursovaya_tyap.tlog\kursovaya_tyap.write.1u.tlog
f:\projects\c++\kursovaya_tyap\debug\kursovaya_tyap.tlog\link.11972.delete.1.tlog
f:\projects\c++\kursovaya_tyap\debug\kursovaya_tyap.tlog\link.2596.delete.1.tlog
f:\projects\c++\kursovaya_tyap\debug\kursovaya_tyap.tlog\link.3168.delete.1.tlog
f:\projects\c++\kursovaya_tyap\debug\kursovaya_tyap.tlog\link.7980.delete.1.tlog
f:\projects\c++\kursovaya_tyap\debug\kursovaya_tyap.tlog\link.command.1.tlog
f:\projects\c++\kursovaya_tyap\debug\kursovaya_tyap.tlog\link.read.1.tlog
f:\projects\c++\kursovaya_tyap\debug\kursovaya_tyap.tlog\link.write.1.tlog
f:\projects\c++\kursovaya_tyap\debug\kursovaya_tyap.tlog\metagen.read.1.tlog
f:\projects\c++\kursovaya_tyap\debug\kursovaya_tyap.tlog\metagen.write.1.tlog
